<?xml version="1.0" encoding="UTF-8"?>
<!-- Generated by org.testng.reporters.JUnitReportReporter -->
<testsuite skipped="0" hostname="DESKTOP-GKUJKD2" name="com.nexttech.stepdefs.Actioncourse" tests="1" failures="0" timestamp="11 Aug 2020 05:28:29 GMT" time="14.117" errors="0">
  <testcase name="clickdropdown" time="14.117" classname="com.nexttech.stepdefs.Actioncourse"/>
</testsuite> <!-- com.nexttech.stepdefs.Actioncourse -->
